C:\Users\Mohsen\AppData\Local\Programs\Python\Python313\Lib\site-packages\helics\capi.py:5682: UserWarning: This function is deprecated. Use `helicsEndpointSendBytesTo` instead.
  warnings.warn("This function is deprecated. Use `helicsEndpointSendBytesTo` instead.")
ng: Property 'timeout' not found in HELICS constants
self.__class__.__name__ is:  MessageDrivenType
*********************************************************************************
***************** summary of configurations ********************
period 0.0
offset 0.0
delta 1e-09
lag 0.0
lead 0.0
tolerance 0.0
input_delay 0.0
output_delay 0.0

CHANGED FLAGS (Non-Default) 
TERMINATE_ON_ERROR            : True  (Default: False)
UNINTERRUPTIBLE               : False (Default: True)
ONLY_TRANSMIT_ON_CHANGE       : True  (Default: False)
ONLY_UPDATE_ON_CHANGE         : True  (Default: False)
FORWARD_COMPUTE               : False (Default: True)
EVENT_TRIGGERED               : True  (Default: False)
*********************************************************************************
request time is 9223372036.854774
granted time is 5.0
Received Message: message: 5.0 From: batterySender At: 5.0
envelopeReceiver: send message: 5.0 to distination: familyReceiver  at time 5.0
*********************************************************************************
request time is 9223372036.854774
granted time is 10.0
Received Message: message: 10.0 From: batterySender At: 10.0
envelopeReceiver: send message: 10.0 to distination: familyReceiver  at time 10.0
*********************************************************************************
request time is 9223372036.854774
granted time is 15.0
Received Message: message: 15.0 From: batterySender At: 15.0
envelopeReceiver: send message: 15.0 to distination: familyReceiver  at time 15.0
*********************************************************************************
request time is 9223372036.854774
granted time is 20.0
Received Message: message: 20.0 From: batterySender At: 20.0
envelopeReceiver: send message: 20.0 to distination: familyReceiver  at time 20.0
*********************************************************************************
request time is 9223372036.854774
granted time is 25.0
Received Message: message: 25.0 From: batterySender At: 25.0
envelopeReceiver: send message: 25.0 to distination: familyReceiver  at time 25.0
