start creating federate
End creating federate
Warning: Configuration 'real_period' doesn't match any known HELICS property
Warning: Configuration 'time_stop' doesn't match any known HELICS property
Warning: Property 'start_time' not found in HELICS constants
Warning: Property 'timeout' not found in HELICS constants
self.__class__.__name__ is:  CombinedDrivenType
*********************************************************************************
***************** summary of configurations ********************
period 0.0
offset 0.0
delta 1.0
lag 0.0
lead 0.0
tolerance 0.0
input_delay 0.0
output_delay 0.0
subscribes HeatPump/power unit V

CHANGED FLAGS (Non-Default) 
TERMINATE_ON_ERROR            : True  (Default: False)
UNINTERRUPTIBLE               : False (Default: True)
ONLY_TRANSMIT_ON_CHANGE       : True  (Default: False)
ONLY_UPDATE_ON_CHANGE         : True  (Default: False)
FORWARD_COMPUTE               : False (Default: True)
EVENT_TRIGGERED               : True  (Default: False)
*********************************************************************************
request time is 9223372036.854774
granted time is 5.0
Received Message:  From:  At: 5.0
Family: Received HeatPump/power = 0.5 at 5.0
*********************************************************************************
request time is 9223372036.854774
granted time is 6.0
Received Message: message: 5.0 From: envelopeReceiver At: 6.0
Family: Received HeatPump/power = 0.5 at 6.0
*********************************************************************************
request time is 9223372036.854774
granted time is 10.0
Received Message:  From:  At: 10.0
Family: Received HeatPump/power = 1.0 at 10.0
*********************************************************************************
request time is 9223372036.854774
granted time is 11.0
Received Message: message: 10.0 From: envelopeReceiver At: 11.0
Family: Received HeatPump/power = 1.0 at 11.0
*********************************************************************************
request time is 9223372036.854774
granted time is 15.0
Received Message:  From:  At: 15.0
Family: Received HeatPump/power = 1.5 at 15.0
*********************************************************************************
request time is 9223372036.854774
granted time is 16.0
Received Message: message: 15.0 From: envelopeReceiver At: 16.0
Family: Received HeatPump/power = 1.5 at 16.0
*********************************************************************************
request time is 9223372036.854774
granted time is 20.0
Received Message:  From:  At: 20.0
Family: Received HeatPump/power = 2.0 at 20.0
*********************************************************************************
request time is 9223372036.854774
granted time is 21.0
Received Message: message: 20.0 From: envelopeReceiver At: 21.0
Family: Received HeatPump/power = 2.0 at 21.0
*********************************************************************************
request time is 9223372036.854774
granted time is 25.0
Received Message:  From:  At: 25.0
Family: Received HeatPump/power = 2.5 at 25.0
*********************************************************************************
request time is 9223372036.854774
granted time is 26.0
Received Message: message: 25.0 From: envelopeReceiver At: 26.0
Family: Received HeatPump/power = 2.5 at 26.0
*********************************************************************************
request time is 9223372036.854774
granted time is 30.0
Received Message:  From:  At: 30.0
Family: Received HeatPump/power = 3.0 at 30.0
*********************************************************************************
request time is 9223372036.854774
granted time is 31.0
Received Message: message: 30.0 From: envelopeReceiver At: 31.0
Family: Received HeatPump/power = 3.0 at 31.0
*********************************************************************************
request time is 9223372036.854774
granted time is 35.0
Received Message:  From:  At: 35.0
Family: Received HeatPump/power = 3.5 at 35.0
*********************************************************************************
request time is 9223372036.854774
granted time is 36.0
Received Message: message: 35.0 From: envelopeReceiver At: 36.0
Family: Received HeatPump/power = 3.5 at 36.0
*********************************************************************************
request time is 9223372036.854774
granted time is 40.0
Received Message:  From:  At: 40.0
Family: Received HeatPump/power = 4.0 at 40.0
*********************************************************************************
request time is 9223372036.854774
granted time is 41.0
Received Message: message: 40.0 From: envelopeReceiver At: 41.0
Family: Received HeatPump/power = 4.0 at 41.0
*********************************************************************************
request time is 9223372036.854774
granted time is 45.0
Received Message:  From:  At: 45.0
Family: Received HeatPump/power = 4.5 at 45.0
