start creating federate
End creating federate
Warning: Configuration 'real_period' doesn't match any known HELICS property
Warning: Configuration 'time_stop' doesn't match any known HELICS property
Warning: Property 'start_time' not found in HELICS constants
Warning: Property 'timeout' not found in HELICS constants
self.__class__.__name__ is:  SubscribeDrivenType
*********************************************************************************
***************** summary of configurations ********************
period 0.0
offset 0.0
delta 1.0
lag 0.0
lead 0.0
tolerance 0.0
input_delay 0.0
output_delay 0.0
publishes HeatPump/power dataType double unit V
subscribes Battery/voltage unit V

CHANGED FLAGS (Non-Default) 
TERMINATE_ON_ERROR            : True  (Default: False)
UNINTERRUPTIBLE               : False (Default: True)
ONLY_TRANSMIT_ON_CHANGE       : True  (Default: False)
ONLY_UPDATE_ON_CHANGE         : True  (Default: False)
WAIT_FOR_CURRENT_TIME_UPDATE  : True  (Default: False)
RESTRICTIVE_TIME_POLICY       : True  (Default: False)
FORWARD_COMPUTE               : False (Default: True)
EVENT_TRIGGERED               : True  (Default: False)
SINGLE_THREAD_FEDERATE        : True  (Default: False)
***************** iteration 1.0 ********************
request time is 0.0
granted time is 1.0
***************** iteration 2.0 ********************
request time is 0.5
granted time is 2.0
***************** iteration 3.0 ********************
request time is 1.0
granted time is 3.0
***************** iteration 4.0 ********************
request time is 1.5
granted time is 4.0
***************** iteration 5.0 ********************
request time is 2.0
granted time is 5.0
An event is happening
HeatPump: Received Battery/voltage = 5.0 at 5.0
HeatPump: Published power = 0.5 at time 5.0
***************** iteration 6.0 ********************
request time is 6.0
granted time is 6.0
***************** iteration 7.0 ********************
request time is 2.5
granted time is 7.0
***************** iteration 8.0 ********************
request time is 3.0
granted time is 8.0
***************** iteration 9.0 ********************
request time is 3.5
granted time is 9.0
***************** iteration 10.0 ********************
request time is 4.0
granted time is 10.0
An event is happening
HeatPump: Received Battery/voltage = 10.0 at 10.0
HeatPump: Published power = 1.0 at time 10.0
***************** iteration 11.0 ********************
request time is 11.0
granted time is 11.0
***************** iteration 12.0 ********************
request time is 4.5
granted time is 12.0
***************** iteration 13.0 ********************
request time is 5.0
granted time is 13.0
***************** iteration 14.0 ********************
request time is 5.5
granted time is 14.0
***************** iteration 15.0 ********************
request time is 6.0
granted time is 15.0
An event is happening
HeatPump: Received Battery/voltage = 15.0 at 15.0
HeatPump: Published power = 1.5 at time 15.0
***************** iteration 16.0 ********************
request time is 16.0
granted time is 16.0
***************** iteration 17.0 ********************
request time is 6.5
granted time is 17.0
***************** iteration 18.0 ********************
request time is 7.0
granted time is 18.0
***************** iteration 19.0 ********************
request time is 7.5
granted time is 19.0
***************** iteration 20.0 ********************
request time is 8.0
granted time is 20.0
An event is happening
HeatPump: Received Battery/voltage = 20.0 at 20.0
HeatPump: Published power = 2.0 at time 20.0
***************** iteration 21.0 ********************
request time is 21.0
granted time is 21.0
***************** iteration 22.0 ********************
request time is 8.5
granted time is 22.0
***************** iteration 23.0 ********************
request time is 9.0
granted time is 23.0
***************** iteration 24.0 ********************
request time is 9.5
granted time is 24.0
***************** iteration 25.0 ********************
request time is 10.0
granted time is 25.0
An event is happening
HeatPump: Received Battery/voltage = 25.0 at 25.0
HeatPump: Published power = 2.5 at time 25.0
***************** iteration 26.0 ********************
request time is 26.0
granted time is 26.0
***************** iteration 27.0 ********************
request time is 10.5
granted time is 27.0
***************** iteration 28.0 ********************
request time is 11.0
granted time is 28.0
***************** iteration 29.0 ********************
request time is 11.5
granted time is 29.0
***************** iteration 30.0 ********************
request time is 12.0
granted time is 30.0
An event is happening
HeatPump: Received Battery/voltage = 30.0 at 30.0
HeatPump: Published power = 3.0 at time 30.0
***************** iteration 31.0 ********************
request time is 31.0
granted time is 31.0
***************** iteration 32.0 ********************
request time is 12.5
granted time is 32.0
***************** iteration 33.0 ********************
request time is 13.0
granted time is 33.0
***************** iteration 34.0 ********************
request time is 13.5
granted time is 34.0
***************** iteration 35.0 ********************
request time is 14.0
granted time is 35.0
An event is happening
HeatPump: Received Battery/voltage = 35.0 at 35.0
HeatPump: Published power = 3.5 at time 35.0
***************** iteration 36.0 ********************
request time is 36.0
granted time is 36.0
***************** iteration 37.0 ********************
request time is 14.5
granted time is 37.0
***************** iteration 38.0 ********************
request time is 15.0
granted time is 38.0
***************** iteration 39.0 ********************
request time is 15.5
granted time is 39.0
***************** iteration 40.0 ********************
request time is 16.0
granted time is 40.0
An event is happening
HeatPump: Received Battery/voltage = 40.0 at 40.0
HeatPump: Published power = 4.0 at time 40.0
***************** iteration 41.0 ********************
request time is 41.0
granted time is 41.0
***************** iteration 42.0 ********************
request time is 16.5
granted time is 42.0
***************** iteration 43.0 ********************
request time is 17.0
granted time is 43.0
***************** iteration 44.0 ********************
request time is 17.5
granted time is 44.0
***************** iteration 45.0 ********************
request time is 18.0
granted time is 45.0
An event is happening
HeatPump: Received Battery/voltage = 45.0 at 45.0
HeatPump: Published power = 4.5 at time 45.0
***************** iteration 46.0 ********************
request time is 46.0
granted time is 46.0
***************** iteration 47.0 ********************
request time is 18.5
granted time is 47.0
***************** iteration 48.0 ********************
request time is 19.0
granted time is 48.0
***************** iteration 49.0 ********************
request time is 19.5
granted time is 49.0
***************** iteration 50.0 ********************
request time is 20.0
granted time is 50.0
An event is happening
HeatPump: Received Battery/voltage = 50.0 at 50.0
HeatPump: Published power = 5.0 at time 50.0
***************** iteration 51.0 ********************
request time is 51.0
granted time is 51.0
***************** iteration 52.0 ********************
request time is 20.5
granted time is 52.0
***************** iteration 53.0 ********************
request time is 21.0
granted time is 53.0
***************** iteration 54.0 ********************
request time is 21.5
granted time is 54.0
***************** iteration 55.0 ********************
request time is 22.0
granted time is 55.0
An event is happening
HeatPump: Received Battery/voltage = 55.0 at 55.0
HeatPump: Published power = 5.5 at time 55.0
***************** iteration 56.0 ********************
request time is 56.0
granted time is 56.0
***************** iteration 57.0 ********************
request time is 22.5
granted time is 57.0
***************** iteration 58.0 ********************
request time is 23.0
granted time is 58.0
***************** iteration 59.0 ********************
request time is 23.5
granted time is 59.0
***************** iteration 60.0 ********************
request time is 24.0
granted time is 60.0
An event is happening
HeatPump: Received Battery/voltage = 60.0 at 60.0
HeatPump: Published power = 6.0 at time 60.0
***************** iteration 61.0 ********************
request time is 61.0
granted time is 61.0
***************** iteration 62.0 ********************
request time is 24.5
granted time is 62.0
***************** iteration 63.0 ********************
request time is 25.0
granted time is 63.0
***************** iteration 64.0 ********************
request time is 25.5
granted time is 64.0
***************** iteration 65.0 ********************
request time is 26.0
granted time is 65.0
An event is happening
HeatPump: Received Battery/voltage = 65.0 at 65.0
HeatPump: Published power = 6.5 at time 65.0
***************** iteration 66.0 ********************
request time is 66.0
granted time is 66.0
***************** iteration 67.0 ********************
request time is 26.5
granted time is 67.0
***************** iteration 68.0 ********************
request time is 27.0
granted time is 68.0
***************** iteration 69.0 ********************
request time is 27.5
granted time is 69.0
***************** iteration 70.0 ********************
request time is 28.0
granted time is 70.0
An event is happening
HeatPump: Received Battery/voltage = 70.0 at 70.0
HeatPump: Published power = 7.0 at time 70.0
***************** iteration 71.0 ********************
request time is 71.0
granted time is 71.0
***************** iteration 72.0 ********************
request time is 28.5
granted time is 72.0
***************** iteration 73.0 ********************
request time is 29.0
granted time is 73.0
***************** iteration 74.0 ********************
request time is 29.5
granted time is 74.0
***************** iteration 75.0 ********************
request time is 30.0
granted time is 75.0
An event is happening
HeatPump: Received Battery/voltage = 75.0 at 75.0
HeatPump: Published power = 7.5 at time 75.0
***************** iteration 76.0 ********************
request time is 76.0
granted time is 76.0
***************** iteration 77.0 ********************
request time is 30.5
granted time is 77.0
***************** iteration 78.0 ********************
request time is 31.0
granted time is 78.0
***************** iteration 79.0 ********************
request time is 31.5
granted time is 79.0
***************** iteration 80.0 ********************
request time is 32.0
granted time is 80.0
An event is happening
HeatPump: Received Battery/voltage = 80.0 at 80.0
HeatPump: Published power = 8.0 at time 80.0
***************** iteration 81.0 ********************
request time is 81.0
granted time is 81.0
***************** iteration 82.0 ********************
request time is 32.5
granted time is 82.0
***************** iteration 83.0 ********************
request time is 33.0
granted time is 83.0
***************** iteration 84.0 ********************
request time is 33.5
granted time is 84.0
***************** iteration 85.0 ********************
request time is 34.0
granted time is 85.0
An event is happening
HeatPump: Received Battery/voltage = 85.0 at 85.0
HeatPump: Published power = 8.5 at time 85.0
***************** iteration 86.0 ********************
request time is 86.0
granted time is 86.0
***************** iteration 87.0 ********************
request time is 34.5
granted time is 87.0
***************** iteration 88.0 ********************
request time is 35.0
granted time is 88.0
***************** iteration 89.0 ********************
request time is 35.5
granted time is 89.0
***************** iteration 90.0 ********************
request time is 36.0
granted time is 90.0
An event is happening
HeatPump: Received Battery/voltage = 90.0 at 90.0
HeatPump: Published power = 9.0 at time 90.0
***************** iteration 91.0 ********************
request time is 91.0
granted time is 91.0
***************** iteration 92.0 ********************
request time is 36.5
granted time is 92.0
***************** iteration 93.0 ********************
request time is 37.0
granted time is 93.0
***************** iteration 94.0 ********************
request time is 37.5
granted time is 94.0
***************** iteration 95.0 ********************
request time is 38.0
granted time is 95.0
An event is happening
HeatPump: Received Battery/voltage = 95.0 at 95.0
HeatPump: Published power = 9.5 at time 95.0
***************** iteration 96.0 ********************
request time is 96.0
granted time is 96.0
***************** iteration 97.0 ********************
request time is 38.5
granted time is 97.0
***************** iteration 98.0 ********************
request time is 39.0
granted time is 98.0
***************** iteration 99.0 ********************
request time is 39.5
granted time is 99.0
