Traceback (most recent call last):
  File "<frozen runpy>", line 198, in _run_module_as_main
  File "<frozen runpy>", line 88, in _run_code
  File "C:\Users\Mohsen\AppData\Local\Programs\Python\Python313\Scripts\helics_broker.exe\__main__.py", line 7, in <module>
    sys.exit(helics_broker())
             ~~~~~~~~~~~~~^^
  File "C:\Users\Mohsen\AppData\Local\Programs\Python\Python313\Lib\site-packages\helics\bin.py", line 16, in helics_broker
    raise SystemExit(_program('helics_broker', sys.argv[1:]))
                     ~~~~~~~~^^^^^^^^^^^^^^^^^^^^^^^^^^^^^^^
  File "C:\Users\Mohsen\AppData\Local\Programs\Python\Python313\Lib\site-packages\helics\bin.py", line 10, in _program
    return subprocess.call([os.path.join(BIN_DIR, name)] + args)
           ~~~~~~~~~~~~~~~^^^^^^^^^^^^^^^^^^^^^^^^^^^^^^^^^^^^^^
  File "C:\Users\Mohsen\AppData\Local\Programs\Python\Python313\Lib\subprocess.py", line 397, in call
    return p.wait(timeout=timeout)
           ~~~~~~^^^^^^^^^^^^^^^^^
  File "C:\Users\Mohsen\AppData\Local\Programs\Python\Python313\Lib\subprocess.py", line 1274, in wait
    return self._wait(timeout=timeout)
           ~~~~~~~~~~^^^^^^^^^^^^^^^^^
  File "C:\Users\Mohsen\AppData\Local\Programs\Python\Python313\Lib\subprocess.py", line 1600, in _wait
    result = _winapi.WaitForSingleObject(self._handle,
                                         timeout_millis)
KeyboardInterrupt
