2025-06-03 15:16:13,805 - runner - INFO - Starting co-simulation: helics_co_simulation
2025-06-03 15:16:13,806 - runner - INFO - Starting federate: mainbroker
2025-06-03 15:16:14,814 - runner - INFO - Starting federate: Battery
2025-06-03 15:16:15,326 - runner - INFO - Starting federate: Envelope
2025-06-03 15:16:15,835 - runner - INFO - Starting federate: HeatPump
2025-06-03 15:16:16,344 - runner - INFO - All federates started. Monitoring output...
2025-06-03 15:16:17,452 - runner - INFO - All federates have completed
2025-06-03 15:16:17,453 - runner - INFO - Stopping all federates...
2025-06-03 15:16:17,453 - runner - INFO - All federates stopped
2025-06-03 15:16:17,454 - runner - INFO - Stopping all federates...
2025-06-03 15:16:17,455 - runner - INFO - All federates stopped
2025-06-03 15:32:50,750 - runner - INFO - Starting co-simulation: helics_co_simulation
2025-06-03 15:32:50,750 - runner - INFO - Starting federate: mainbroker
2025-06-03 15:32:51,756 - runner - INFO - Starting federate: Battery
2025-06-03 15:32:52,263 - runner - INFO - Starting federate: Envelope
2025-06-03 15:32:52,770 - runner - INFO - Starting federate: HeatPump
2025-06-03 15:32:53,285 - runner - INFO - All federates started. Monitoring output...
2025-06-03 15:32:54,341 - runner - INFO - All federates have completed
2025-06-03 15:32:54,342 - runner - INFO - Stopping all federates...
2025-06-03 15:32:54,343 - runner - INFO - All federates stopped
2025-06-03 15:32:54,343 - runner - INFO - Stopping all federates...
2025-06-03 15:32:54,344 - runner - INFO - All federates stopped
2025-06-03 15:36:59,226 - runner - INFO - Starting co-simulation: helics_co_simulation
2025-06-03 15:36:59,227 - runner - INFO - Starting federate: mainbroker
2025-06-03 15:37:00,234 - runner - INFO - Starting federate: Battery
2025-06-03 15:37:00,746 - runner - INFO - Starting federate: Envelope
2025-06-03 15:37:01,254 - runner - INFO - Starting federate: HeatPump
2025-06-03 15:37:01,766 - runner - INFO - All federates started. Monitoring output...
2025-06-03 15:37:02,856 - runner - INFO - All federates have completed
2025-06-03 15:37:02,857 - runner - INFO - Stopping all federates...
2025-06-03 15:37:02,857 - runner - INFO - All federates stopped
2025-06-03 15:37:02,858 - runner - INFO - Stopping all federates...
2025-06-03 15:37:02,858 - runner - INFO - All federates stopped
2025-06-03 15:39:29,515 - runner - INFO - Starting co-simulation: helics_co_simulation
2025-06-03 15:39:29,516 - runner - INFO - Starting federate: mainbroker
2025-06-03 15:39:30,527 - runner - INFO - Starting federate: Battery
2025-06-03 15:39:31,038 - runner - INFO - Starting federate: Envelope
2025-06-03 15:39:31,553 - runner - INFO - Starting federate: HeatPump
2025-06-03 15:39:32,063 - runner - INFO - All federates started. Monitoring output...
2025-06-03 15:39:33,079 - runner - INFO - All federates have completed
2025-06-03 15:39:33,080 - runner - INFO - Stopping all federates...
2025-06-03 15:39:33,080 - runner - INFO - All federates stopped
2025-06-03 15:39:33,081 - runner - INFO - Stopping all federates...
2025-06-03 15:39:33,081 - runner - INFO - All federates stopped
2025-06-03 15:42:05,801 - runner - INFO - Starting co-simulation: helics_co_simulation
2025-06-03 15:42:05,802 - runner - INFO - Starting federate: mainbroker
2025-06-03 15:42:06,809 - runner - INFO - Starting federate: Battery
2025-06-03 15:42:07,319 - runner - INFO - Starting federate: Envelope
2025-06-03 15:42:07,829 - runner - INFO - Starting federate: HeatPump
2025-06-03 15:42:08,340 - runner - INFO - All federates started. Monitoring output...
2025-06-03 15:42:57,809 - runner - INFO - Received termination signal. Shutting down...
2025-06-03 15:42:57,810 - runner - INFO - Stopping all federates...
2025-06-03 15:42:57,810 - runner - INFO - Terminating HeatPump...
2025-06-03 15:42:57,828 - runner - INFO - HeatPump terminated
2025-06-03 15:42:57,828 - runner - INFO - Terminating Envelope...
2025-06-03 15:42:57,841 - runner - INFO - Envelope terminated
2025-06-03 15:42:57,842 - runner - INFO - Terminating Battery...
2025-06-03 15:42:57,855 - runner - INFO - Battery terminated
2025-06-03 15:42:57,855 - runner - INFO - Terminating mainbroker...
2025-06-03 15:42:57,860 - runner - INFO - mainbroker terminated
2025-06-03 15:42:57,861 - runner - INFO - All federates stopped
2025-06-03 15:42:57,861 - runner - INFO - Stopping all federates...
2025-06-03 15:42:57,862 - runner - INFO - All federates stopped
2025-06-03 15:43:58,387 - runner - INFO - Starting co-simulation: helics_co_simulation
2025-06-03 15:43:58,388 - runner - INFO - Starting federate: mainbroker
2025-06-03 15:43:59,395 - runner - INFO - Starting federate: Battery
2025-06-03 15:43:59,905 - runner - INFO - Starting federate: Envelope
2025-06-03 15:44:00,416 - runner - INFO - Starting federate: HeatPump
2025-06-03 15:44:00,927 - runner - INFO - All federates started. Monitoring output...
2025-06-03 15:44:02,028 - runner - INFO - All federates have completed
2025-06-03 15:44:02,028 - runner - INFO - Stopping all federates...
2025-06-03 15:44:02,029 - runner - INFO - All federates stopped
2025-06-03 15:44:02,029 - runner - INFO - Stopping all federates...
2025-06-03 15:44:02,030 - runner - INFO - All federates stopped
